INFO:     Will watch for changes in these directories: ['C:\\Users\\HarshaSri\\Documents\\Genai\\Harshasri_M_assignment4']
INFO:     Uvicorn running on http://127.0.0.1:8000 (Press CTRL+C to quit)
INFO:     Started reloader process [18864] using WatchFiles
INFO:     Started server process [20016]
INFO:     Waiting for application startup.
INFO:     Application startup complete.
INFO:     Shutting down
INFO:     Waiting for application shutdown.
INFO:     Application shutdown complete.
INFO:     Finished server process [20016]
INFO:     Stopping reloader process [18864]
INFO:     Will watch for changes in these directories: ['C:\\Users\\HarshaSri\\Documents\\Genai\\Harshasri_M_assignment4']
INFO:     Uvicorn running on http://127.0.0.1:8000 (Press CTRL+C to quit)
INFO:     Started reloader process [22132] using WatchFiles
INFO:     Started server process [5856]
INFO:     Waiting for application startup.
INFO:     Application startup complete.
INFO:     Shutting down
INFO:     Waiting for application shutdown.
INFO:     Application shutdown complete.
INFO:     Finished server process [5856]
INFO:     Stopping reloader process [22132]
